10:44:08 **** Build of configuration Debug for project nbody ****
make all 
Building file: ../nbody.c
Invoking: Cygwin C Compiler
gcc -O0 -g3 -Wall -c -fmessage-length=0 -MMD -MP -MF"nbody.d" -MT"nbody.o" -o "nbody.o" "../nbody.c"
Finished building: ../nbody.c
 
Building target: nbody.exe
Invoking: Cygwin C Linker
gcc  -o "nbody.exe"  ./nbody.o   
/usr/lib/gcc/x86_64-pc-cygwin/5.4.0/../../../../lib/libcygwin.a(libcmain.o): In function `main':
/usr/src/debug/cygwin-2.7.0-1/winsup/cygwin/lib/libcmain.c:37: undefined reference to `WinMain'
/usr/src/debug/cygwin-2.7.0-1/winsup/cygwin/lib/libcmain.c:37:(.text.startup+0x7f): relocation truncated to fit: R_X86_64_PC32 against undefined symbol `WinMain'
collect2: error: ld returned 1 exit status
make: *** [makefile:31: nbody.exe] Error 1
10:44:39 **** Incremental Build of configuration Debug for project nbody ****
make all 
Building target: nbody.exe
Invoking: Cygwin C Linker
gcc  -o "nbody.exe"  ./nbody.o   
/usr/lib/gcc/x86_64-pc-cygwin/5.4.0/../../../../lib/libcygwin.a(libcmain.o): In function `main':
/usr/src/debug/cygwin-2.7.0-1/winsup/cygwin/lib/libcmain.c:37: undefined reference to `WinMain'
/usr/src/debug/cygwin-2.7.0-1/winsup/cygwin/lib/libcmain.c:37:(.text.startup+0x7f): relocation truncated to fit: R_X86_64_PC32 against undefined symbol `WinMain'
collect2: error: ld returned 1 exit status
make: *** [makefile:31: nbody.exe] Error 1
10:44:43 **** Incremental Build of configuration Debug for project nbody ****
make all 
Building file: ../nbody.c
Invoking: Cygwin C Compiler
gcc -O0 -g3 -Wall -c -fmessage-length=0 -MMD -MP -MF"nbody.d" -MT"nbody.o" -o "nbody.o" "../nbody.c"
Finished building: ../nbody.c
 
Building target: nbody.exe
Invoking: Cygwin C Linker
gcc  -o "nbody.exe"  ./nbody.o   
Finished building target: nbody.exe
 
10:44:47 **** Incremental Build of configuration Debug for project nbody ****
make all 
make: Nothing to be done for 'all'.
